<?xml version="1.0" encoding="UTF-8"?>
<!-- Generated by org.testng.reporters.JUnitReportReporter -->
<testsuite hostname="BICER" name="training.test4.NewTest" tests="1" failures="0" timestamp="21 Jan 2015 13:48:22 GMT" time="0.010" errors="0">
  <testcase name="f" time="0.010" classname="training.test4.NewTest"/>
</testsuite> <!-- training.test4.NewTest -->
