<?xml version="1.0" encoding="UTF-8"?>
<!-- Generated by org.testng.reporters.JUnitReportReporter -->
<testsuite hostname="BICER" name="training.test4.TestBase" tests="1" failures="0" timestamp="21 Jan 2015 14:02:47 GMT" time="0.014" errors="0">
  <testcase name="f" time="0.014" classname="training.test4.TestBase"/>
</testsuite> <!-- training.test4.TestBase -->
